#
# There is insufficient memory for the Java Runtime Environment to continue.
# Native memory allocation (malloc) failed to allocate 1817920 bytes for Chunk::new
# Possible reasons:
#   The system is out of physical RAM or swap space
#   The process is running with CompressedOops enabled, and the Java Heap may be blocking the growth of the native heap
# Possible solutions:
#   Reduce memory load on the system
#   Increase physical memory or swap space
#   Check if swap backing store is full
#   Decrease Java heap size (-Xmx/-Xms)
#   Decrease number of Java threads
#   Decrease Java thread stack sizes (-Xss)
#   Set larger code cache with -XX:ReservedCodeCacheSize=
#   JVM is running with Unscaled Compressed Oops mode in which the Java heap is
#     placed in the first 4GB address space. The Java Heap base address is the
#     maximum limit for the native heap growth. Please use -XX:HeapBaseMinAddress
#     to set the Java Heap base and to place the Java Heap above 4GB virtual address.
# This output file may be truncated or incomplete.
#
#  Out of Memory Error (arena.cpp:189), pid=29784, tid=11724
#
# JRE version: OpenJDK Runtime Environment Temurin-17.0.6+10 (17.0.6+10) (build 17.0.6+10)
# Java VM: OpenJDK 64-Bit Server VM Temurin-17.0.6+10 (17.0.6+10, mixed mode, tiered, compressed oops, compressed class ptrs, parallel gc, windows-amd64)
# No core dump will be written. Minidumps are not enabled by default on client versions of Windows
#

---------------  S U M M A R Y ------------

Command Line: --add-modules=ALL-SYSTEM --add-opens=java.base/java.util=ALL-UNNAMED --add-opens=java.base/java.lang=ALL-UNNAMED --add-opens=java.base/sun.nio.fs=ALL-UNNAMED -Declipse.application=org.eclipse.jdt.ls.core.id1 -Dosgi.bundles.defaultStartLevel=4 -Declipse.product=org.eclipse.jdt.ls.core.product -Djava.import.generatesMetadataFilesAtProjectRoot=false -Dfile.encoding=utf8 -XX:+UseParallelGC -XX:GCTimeRatio=4 -XX:AdaptiveSizePolicyWeight=90 -Dsun.zip.disableMemoryMapping=true -Xmx1G -Xms100m -Xlog:disable -javaagent:c:\Users\Administrator.DESKTOP-JG1NPFA\.vscode\extensions\redhat.java-1.16.0-win32-x64\lombok\lombok-1.18.24.jar -XX:+HeapDumpOnOutOfMemoryError -XX:HeapDumpPath=c:\Users\Administrator.DESKTOP-JG1NPFA\AppData\Roaming\Code\User\workspaceStorage\14fff51d3ab8ca4b4f4ef1ca982025e9\redhat.java c:\Users\Administrator.DESKTOP-JG1NPFA\.vscode\extensions\redhat.java-1.16.0-win32-x64\server\plugins\org.eclipse.equinox.launcher_1.6.400.v20210924-0641.jar -configuration c:\Users\Administrator.DESKTOP-JG1NPFA\AppData\Roaming\Code\User\globalStorage\redhat.java\1.16.0\config_win -data c:\Users\Administrator.DESKTOP-JG1NPFA\AppData\Roaming\Code\User\workspaceStorage\14fff51d3ab8ca4b4f4ef1ca982025e9\redhat.java\jdt_ws

Host: Intel(R) Core(TM) i7-8565U CPU @ 1.80GHz, 8 cores, 7G,  Windows 11 , 64 bit Build 22621 (10.0.22621.3235)
Time: Sun Apr  7 21:45:02 2024  Windows 11 , 64 bit Build 22621 (10.0.22621.3235) elapsed time: 12.155647 seconds (0d 0h 0m 12s)

---------------  T H R E A D  ---------------

Current thread (0x000001ce3af5be10):  JavaThread "C2 CompilerThread0" daemon [_thread_in_native, id=11724, stack(0x0000005f40600000,0x0000005f40700000)]


Current CompileTask:
C2:  12155 3579   !   4       org.eclipse.osgi.internal.loader.classpath.ClasspathManager::findClassImpl (308 bytes)

Stack: [0x0000005f40600000,0x0000005f40700000]
Native frames: (J=compiled Java code, j=interpreted, Vv=VM code, C=native code)
V  [jvm.dll+0x67741a]
V  [jvm.dll+0x834434]
V  [jvm.dll+0x835bde]
V  [jvm.dll+0x836243]
V  [jvm.dll+0x2457b5]
V  [jvm.dll+0xabafc]
V  [jvm.dll+0xac0cc]
V  [jvm.dll+0x3634e7]
V  [jvm.dll+0x1bbd68]
V  [jvm.dll+0x218749]
V  [jvm.dll+0x217a11]
V  [jvm.dll+0x1a3d0d]
V  [jvm.dll+0x22742a]
V  [jvm.dll+0x225565]
V  [jvm.dll+0x7ea2cb]
V  [jvm.dll+0x7e483a]
V  [jvm.dll+0x6762c5]
C  [ucrtbase.dll+0x29363]
C  [KERNEL32.DLL+0x1257d]
C  [ntdll.dll+0x5aa58]


---------------  P R O C E S S  ---------------

Threads class SMR info:
_java_thread_list=0x000001ce3eca9700, length=22, elements={
0x000001ce25602ac0, 0x000001ce3af18040, 0x000001ce3af19650, 0x000001ce3af56020,
0x000001ce3af588f0, 0x000001ce3af59560, 0x000001ce3af5b080, 0x000001ce3af5be10,
0x000001ce3afbf770, 0x000001ce3afdc500, 0x000001ce3b01c220, 0x000001ce3b243640,
0x000001ce3c4e8950, 0x000001ce3c53dfd0, 0x000001ce3c5a9030, 0x000001ce3c549520,
0x000001ce3c538e60, 0x000001ce3d427240, 0x000001ce3c1b1a90, 0x000001ce3d190850,
0x000001ce3d1933a0, 0x000001ce3d190d20
}

Java Threads: ( => current thread )
  0x000001ce25602ac0 JavaThread "main" [_thread_blocked, id=18724, stack(0x0000005f3fd00000,0x0000005f3fe00000)]
  0x000001ce3af18040 JavaThread "Reference Handler" daemon [_thread_blocked, id=21064, stack(0x0000005f40000000,0x0000005f40100000)]
  0x000001ce3af19650 JavaThread "Finalizer" daemon [_thread_blocked, id=15956, stack(0x0000005f40100000,0x0000005f40200000)]
  0x000001ce3af56020 JavaThread "Signal Dispatcher" daemon [_thread_blocked, id=19184, stack(0x0000005f40200000,0x0000005f40300000)]
  0x000001ce3af588f0 JavaThread "Attach Listener" daemon [_thread_blocked, id=27780, stack(0x0000005f40300000,0x0000005f40400000)]
  0x000001ce3af59560 JavaThread "Service Thread" daemon [_thread_blocked, id=3096, stack(0x0000005f40400000,0x0000005f40500000)]
  0x000001ce3af5b080 JavaThread "Monitor Deflation Thread" daemon [_thread_blocked, id=30684, stack(0x0000005f40500000,0x0000005f40600000)]
=>0x000001ce3af5be10 JavaThread "C2 CompilerThread0" daemon [_thread_in_native, id=11724, stack(0x0000005f40600000,0x0000005f40700000)]
  0x000001ce3afbf770 JavaThread "C1 CompilerThread0" daemon [_thread_blocked, id=25700, stack(0x0000005f40700000,0x0000005f40800000)]
  0x000001ce3afdc500 JavaThread "Sweeper thread" daemon [_thread_blocked, id=12920, stack(0x0000005f40800000,0x0000005f40900000)]
  0x000001ce3b01c220 JavaThread "Common-Cleaner" daemon [_thread_blocked, id=10596, stack(0x0000005f40900000,0x0000005f40a00000)]
  0x000001ce3b243640 JavaThread "Notification Thread" daemon [_thread_blocked, id=28216, stack(0x0000005f40a00000,0x0000005f40b00000)]
  0x000001ce3c4e8950 JavaThread "Active Thread: Equinox Container: 1a8ce8c0-66fe-484d-8a6a-4298636d4ca9" [_thread_blocked, id=29788, stack(0x0000005f41200000,0x0000005f41300000)]
  0x000001ce3c53dfd0 JavaThread "Framework Event Dispatcher: Equinox Container: 1a8ce8c0-66fe-484d-8a6a-4298636d4ca9" daemon [_thread_blocked, id=6044, stack(0x0000005f41300000,0x0000005f41400000)]
  0x000001ce3c5a9030 JavaThread "Start Level: Equinox Container: 1a8ce8c0-66fe-484d-8a6a-4298636d4ca9" daemon [_thread_in_vm, id=24072, stack(0x0000005f41400000,0x0000005f41500000)]
  0x000001ce3c549520 JavaThread "SCR Component Actor" daemon [_thread_blocked, id=22500, stack(0x0000005f41500000,0x0000005f41600000)]
  0x000001ce3c538e60 JavaThread "SCR Component Registry" daemon [_thread_blocked, id=28808, stack(0x0000005f41700000,0x0000005f41800000)]
  0x000001ce3d427240 JavaThread "Worker-JM" [_thread_blocked, id=13600, stack(0x0000005f41800000,0x0000005f41900000)]
  0x000001ce3c1b1a90 JavaThread "Worker-0: Repository registry initialization" [_thread_in_vm, id=20676, stack(0x0000005f41900000,0x0000005f41a00000)] _threads_hazard_ptr=0x000001ce3eca9700
  0x000001ce3d190850 JavaThread "Worker-1" [_thread_blocked, id=13368, stack(0x0000005f41a00000,0x0000005f41b00000)]
  0x000001ce3d1933a0 JavaThread "Worker-2" [_thread_blocked, id=988, stack(0x0000005f41b00000,0x0000005f41c00000)]
  0x000001ce3d190d20 JavaThread "Java indexing" daemon [_thread_blocked, id=14324, stack(0x0000005f41c00000,0x0000005f41d00000)]

Other Threads:
  0x000001ce3af01c30 VMThread "VM Thread" [stack: 0x0000005f3ff00000,0x0000005f40000000] [id=15688]
  0x000001ce3b1f11a0 WatcherThread [stack: 0x0000005f40b00000,0x0000005f40c00000] [id=17444]
  0x000001ce256188f0 GCTaskThread "GC Thread#0" [stack: 0x0000005f3fe00000,0x0000005f3ff00000] [id=22496]
  0x000001ce3c1bd180 GCTaskThread "GC Thread#1" [stack: 0x0000005f40c00000,0x0000005f40d00000] [id=16428]
  0x000001ce3c31e040 GCTaskThread "GC Thread#2" [stack: 0x0000005f40d00000,0x0000005f40e00000] [id=30852]
  0x000001ce3c31e2f0 GCTaskThread "GC Thread#3" [stack: 0x0000005f40e00000,0x0000005f40f00000] [id=13024]
  0x000001ce3c31e5a0 GCTaskThread "GC Thread#4" [stack: 0x0000005f40f00000,0x0000005f41000000] [id=29048]
  0x000001ce3c408670 GCTaskThread "GC Thread#5" [stack: 0x0000005f41000000,0x0000005f41100000] [id=21436]
  0x000001ce3c408920 GCTaskThread "GC Thread#6" [stack: 0x0000005f41100000,0x0000005f41200000] [id=7412]
  0x000001ce3c0ce700 GCTaskThread "GC Thread#7" [stack: 0x0000005f41600000,0x0000005f41700000] [id=24384]

Threads with active compile tasks:
C2 CompilerThread0    12225 3579   !   4       org.eclipse.osgi.internal.loader.classpath.ClasspathManager::findClassImpl (308 bytes)

VM state: not at safepoint (normal execution)

VM Mutex/Monitor currently owned by a thread:  ([mutex/lock_event])
[0x000001ce255fff90] MethodCompileQueue_lock - owner thread: 0x000001ce3c5a9030

Heap address: 0x00000000c0000000, size: 1024 MB, Compressed Oops mode: 32-bit

CDS archive(s) not mapped
Compressed class space mapped at: 0x0000000100000000-0x0000000140000000, reserved size: 1073741824
Narrow klass base: 0x0000000000000000, Narrow klass shift: 3, Narrow klass range: 0x140000000

GC Precious Log:
 CPUs: 8 total, 8 available
 Memory: 8048M
 Large Page Support: Disabled
 NUMA Support: Disabled
 Compressed Oops: Enabled (32-bit)
 Alignments: Space 512K, Generation 512K, Heap 2M
 Heap Min Capacity: 100M
 Heap Initial Capacity: 100M
 Heap Max Capacity: 1G
 Pre-touch: Disabled
 Parallel Workers: 8

Heap:
 PSYoungGen      total 24576K, used 2389K [0x00000000eab00000, 0x00000000ec600000, 0x0000000100000000)
  eden space 23040K, 4% used [0x00000000eab00000,0x00000000eac157e0,0x00000000ec180000)
  from space 1536K, 83% used [0x00000000ec480000,0x00000000ec5c0000,0x00000000ec600000)
  to   space 2048K, 0% used [0x00000000ec200000,0x00000000ec200000,0x00000000ec400000)
 ParOldGen       total 68608K, used 12405K [0x00000000c0000000, 0x00000000c4300000, 0x00000000eab00000)
  object space 68608K, 18% used [0x00000000c0000000,0x00000000c0c1d458,0x00000000c4300000)
 Metaspace       used 38584K, committed 39360K, reserved 1089536K
  class space    used 4054K, committed 4416K, reserved 1048576K

Card table byte_map: [0x000001ce24fd0000,0x000001ce251e0000] _byte_map_base: 0x000001ce249d0000

Marking Bits: (ParMarkBitMap*) 0x00007ffc2def3e70
 Begin Bits: [0x000001ce37280000, 0x000001ce38280000)
 End Bits:   [0x000001ce38280000, 0x000001ce39280000)

Polling page: 0x000001ce24dc0000

Metaspace:

Usage:
  Non-class:     33.72 MB used.
      Class:      3.96 MB used.
       Both:     37.68 MB used.

Virtual space:
  Non-class space:       40.00 MB reserved,      34.12 MB ( 85%) committed,  5 nodes.
      Class space:        1.00 GB reserved,       4.31 MB ( <1%) committed,  1 nodes.
             Both:        1.04 GB reserved,      38.44 MB (  4%) committed. 

Chunk freelists:
   Non-Class:  1.47 MB
       Class:  3.51 MB
        Both:  4.98 MB

MaxMetaspaceSize: unlimited
CompressedClassSpaceSize: 1.00 GB
Initial GC threshold: 21.00 MB
Current GC threshold: 58.38 MB
CDS: off
MetaspaceReclaimPolicy: balanced
 - commit_granule_bytes: 65536.
 - commit_granule_words: 8192.
 - virtual_space_node_default_size: 1048576.
 - enlarge_chunks_in_place: 1.
 - new_chunks_are_fully_committed: 0.
 - uncommit_free_chunks: 1.
 - use_allocation_guard: 0.
 - handle_deallocations: 1.


Internal statistics:

num_allocs_failed_limit: 6.
num_arena_births: 518.
num_arena_deaths: 14.
num_vsnodes_births: 6.
num_vsnodes_deaths: 0.
num_space_committed: 615.
num_space_uncommitted: 0.
num_chunks_returned_to_freelist: 20.
num_chunks_taken_from_freelist: 1838.
num_chunk_merges: 10.
num_chunk_splits: 1163.
num_chunks_enlarged: 671.
num_purges: 2.
num_inconsistent_stats: 0.

CodeHeap 'non-profiled nmethods': size=120000Kb used=1458Kb max_used=1458Kb free=118541Kb
 bounds [0x000001ce2fd50000, 0x000001ce2ffc0000, 0x000001ce37280000]
CodeHeap 'profiled nmethods': size=120000Kb used=7387Kb max_used=7387Kb free=112612Kb
 bounds [0x000001ce28280000, 0x000001ce289c0000, 0x000001ce2f7b0000]
CodeHeap 'non-nmethods': size=5760Kb used=1259Kb max_used=1309Kb free=4500Kb
 bounds [0x000001ce2f7b0000, 0x000001ce2fa20000, 0x000001ce2fd50000]
 total_blobs=4258 nmethods=3677 adapters=495
 compilation: enabled
              stopped_count=0, restarted_count=0
 full_count=0

Compilation events (20 events):
Event: 12.062 Thread 0x000001ce3afbf770 3670       3       com.google.common.collect.ImmutableList::<init> (5 bytes)
Event: 12.063 Thread 0x000001ce3afbf770 nmethod 3670 0x000001ce289abe10 code [0x000001ce289abfc0, 0x000001ce289ac1f8]
Event: 12.063 Thread 0x000001ce3afbf770 3671       3       com.google.inject.internal.Annotations::getKey (39 bytes)
Event: 12.065 Thread 0x000001ce3afbf770 nmethod 3671 0x000001ce289ac310 code [0x000001ce289ac5c0, 0x000001ce289ad388]
Event: 12.065 Thread 0x000001ce3afbf770 3673       3       com.google.common.cache.LocalCache::get (21 bytes)
Event: 12.066 Thread 0x000001ce3afbf770 nmethod 3673 0x000001ce289ad990 code [0x000001ce289adba0, 0x000001ce289ae0f8]
Event: 12.066 Thread 0x000001ce3afbf770 3674       3       com.google.common.cache.LocalCache::hash (14 bytes)
Event: 12.067 Thread 0x000001ce3afbf770 nmethod 3674 0x000001ce289ae390 code [0x000001ce289ae540, 0x000001ce289ae7d8]
Event: 12.067 Thread 0x000001ce3afbf770 3675       3       com.google.common.base.Equivalence::hash (12 bytes)
Event: 12.068 Thread 0x000001ce3afbf770 nmethod 3675 0x000001ce289ae910 code [0x000001ce289aeac0, 0x000001ce289aece8]
Event: 12.068 Thread 0x000001ce3afbf770 3672       3       com.google.inject.internal.Errors::throwIfNewErrors (14 bytes)
Event: 12.068 Thread 0x000001ce3afbf770 nmethod 3672 0x000001ce289aed90 code [0x000001ce289aef60, 0x000001ce289af378]
Event: 12.068 Thread 0x000001ce3afbf770 3676       3       java.lang.reflect.AccessibleObject::getAnnotations (5 bytes)
Event: 12.068 Thread 0x000001ce3afbf770 nmethod 3676 0x000001ce289af510 code [0x000001ce289af6c0, 0x000001ce289af888]
Event: 12.112 Thread 0x000001ce3afbf770 3677       1       com.google.inject.Key::getTypeLiteral (5 bytes)
Event: 12.113 Thread 0x000001ce3afbf770 nmethod 3677 0x000001ce2febbd90 code [0x000001ce2febbf20, 0x000001ce2febbff8]
Event: 12.116 Thread 0x000001ce3afbf770 3678       3       java.util.concurrent.locks.LockSupport::setBlocker (12 bytes)
Event: 12.117 Thread 0x000001ce3afbf770 nmethod 3678 0x000001ce289af910 code [0x000001ce289afac0, 0x000001ce289afcc8]
Event: 12.118 Thread 0x000001ce3afbf770 3679       3       jdk.internal.misc.Unsafe::putReferenceOpaque (9 bytes)
Event: 12.118 Thread 0x000001ce3afbf770 nmethod 3679 0x000001ce289afd90 code [0x000001ce289aff20, 0x000001ce289b0058]

GC Heap History (20 events):
Event: 5.096 GC heap before
{Heap before GC invocations=2 (full 0):
 PSYoungGen      total 29696K, used 28984K [0x00000000eab00000, 0x00000000ecc00000, 0x0000000100000000)
  eden space 25600K, 100% used [0x00000000eab00000,0x00000000ec400000,0x00000000ec400000)
  from space 4096K, 82% used [0x00000000ec400000,0x00000000ec74e060,0x00000000ec800000)
  to   space 4096K, 0% used [0x00000000ec800000,0x00000000ec800000,0x00000000ecc00000)
 ParOldGen       total 68608K, used 8K [0x00000000c0000000, 0x00000000c4300000, 0x00000000eab00000)
  object space 68608K, 0% used [0x00000000c0000000,0x00000000c0002000,0x00000000c4300000)
 Metaspace       used 14783K, committed 15104K, reserved 1064960K
  class space    used 1493K, committed 1664K, reserved 1048576K
}
Event: 5.108 GC heap after
{Heap after GC invocations=2 (full 0):
 PSYoungGen      total 29696K, used 4069K [0x00000000eab00000, 0x00000000ecc00000, 0x0000000100000000)
  eden space 25600K, 0% used [0x00000000eab00000,0x00000000eab00000,0x00000000ec400000)
  from space 4096K, 99% used [0x00000000ec800000,0x00000000ecbf94e8,0x00000000ecc00000)
  to   space 4096K, 0% used [0x00000000ec400000,0x00000000ec400000,0x00000000ec800000)
 ParOldGen       total 68608K, used 1590K [0x00000000c0000000, 0x00000000c4300000, 0x00000000eab00000)
  object space 68608K, 2% used [0x00000000c0000000,0x00000000c018db70,0x00000000c4300000)
 Metaspace       used 14783K, committed 15104K, reserved 1064960K
  class space    used 1493K, committed 1664K, reserved 1048576K
}
Event: 6.678 GC heap before
{Heap before GC invocations=3 (full 0):
 PSYoungGen      total 29696K, used 29669K [0x00000000eab00000, 0x00000000ecc00000, 0x0000000100000000)
  eden space 25600K, 100% used [0x00000000eab00000,0x00000000ec400000,0x00000000ec400000)
  from space 4096K, 99% used [0x00000000ec800000,0x00000000ecbf94e8,0x00000000ecc00000)
  to   space 4096K, 0% used [0x00000000ec400000,0x00000000ec400000,0x00000000ec800000)
 ParOldGen       total 68608K, used 1590K [0x00000000c0000000, 0x00000000c4300000, 0x00000000eab00000)
  object space 68608K, 2% used [0x00000000c0000000,0x00000000c018db70,0x00000000c4300000)
 Metaspace       used 19786K, committed 20160K, reserved 1073152K
  class space    used 1997K, committed 2176K, reserved 1048576K
}
Event: 6.686 GC heap after
{Heap after GC invocations=3 (full 0):
 PSYoungGen      total 29696K, used 4086K [0x00000000eab00000, 0x00000000ecc00000, 0x0000000100000000)
  eden space 25600K, 0% used [0x00000000eab00000,0x00000000eab00000,0x00000000ec400000)
  from space 4096K, 99% used [0x00000000ec400000,0x00000000ec7fdbe0,0x00000000ec800000)
  to   space 4096K, 0% used [0x00000000ec800000,0x00000000ec800000,0x00000000ecc00000)
 ParOldGen       total 68608K, used 3928K [0x00000000c0000000, 0x00000000c4300000, 0x00000000eab00000)
  object space 68608K, 5% used [0x00000000c0000000,0x00000000c03d6368,0x00000000c4300000)
 Metaspace       used 19786K, committed 20160K, reserved 1073152K
  class space    used 1997K, committed 2176K, reserved 1048576K
}
Event: 7.125 GC heap before
{Heap before GC invocations=4 (full 0):
 PSYoungGen      total 29696K, used 11231K [0x00000000eab00000, 0x00000000ecc00000, 0x0000000100000000)
  eden space 25600K, 27% used [0x00000000eab00000,0x00000000eb1fa0a0,0x00000000ec400000)
  from space 4096K, 99% used [0x00000000ec400000,0x00000000ec7fdbe0,0x00000000ec800000)
  to   space 4096K, 0% used [0x00000000ec800000,0x00000000ec800000,0x00000000ecc00000)
 ParOldGen       total 68608K, used 3928K [0x00000000c0000000, 0x00000000c4300000, 0x00000000eab00000)
  object space 68608K, 5% used [0x00000000c0000000,0x00000000c03d6368,0x00000000c4300000)
 Metaspace       used 21030K, committed 21504K, reserved 1073152K
  class space    used 2127K, committed 2368K, reserved 1048576K
}
Event: 7.131 GC heap after
{Heap after GC invocations=4 (full 0):
 PSYoungGen      total 29696K, used 4077K [0x00000000eab00000, 0x00000000ecc00000, 0x0000000100000000)
  eden space 25600K, 0% used [0x00000000eab00000,0x00000000eab00000,0x00000000ec400000)
  from space 4096K, 99% used [0x00000000ec800000,0x00000000ecbfb420,0x00000000ecc00000)
  to   space 4096K, 0% used [0x00000000ec400000,0x00000000ec400000,0x00000000ec800000)
 ParOldGen       total 68608K, used 4208K [0x00000000c0000000, 0x00000000c4300000, 0x00000000eab00000)
  object space 68608K, 6% used [0x00000000c0000000,0x00000000c041c368,0x00000000c4300000)
 Metaspace       used 21030K, committed 21504K, reserved 1073152K
  class space    used 2127K, committed 2368K, reserved 1048576K
}
Event: 7.131 GC heap before
{Heap before GC invocations=5 (full 1):
 PSYoungGen      total 29696K, used 4077K [0x00000000eab00000, 0x00000000ecc00000, 0x0000000100000000)
  eden space 25600K, 0% used [0x00000000eab00000,0x00000000eab00000,0x00000000ec400000)
  from space 4096K, 99% used [0x00000000ec800000,0x00000000ecbfb420,0x00000000ecc00000)
  to   space 4096K, 0% used [0x00000000ec400000,0x00000000ec400000,0x00000000ec800000)
 ParOldGen       total 68608K, used 4208K [0x00000000c0000000, 0x00000000c4300000, 0x00000000eab00000)
  object space 68608K, 6% used [0x00000000c0000000,0x00000000c041c368,0x00000000c4300000)
 Metaspace       used 21030K, committed 21504K, reserved 1073152K
  class space    used 2127K, committed 2368K, reserved 1048576K
}
Event: 7.181 GC heap after
{Heap after GC invocations=5 (full 1):
 PSYoungGen      total 29696K, used 0K [0x00000000eab00000, 0x00000000ecc00000, 0x0000000100000000)
  eden space 25600K, 0% used [0x00000000eab00000,0x00000000eab00000,0x00000000ec400000)
  from space 4096K, 0% used [0x00000000ec800000,0x00000000ec800000,0x00000000ecc00000)
  to   space 4096K, 0% used [0x00000000ec400000,0x00000000ec400000,0x00000000ec800000)
 ParOldGen       total 68608K, used 8076K [0x00000000c0000000, 0x00000000c4300000, 0x00000000eab00000)
  object space 68608K, 11% used [0x00000000c0000000,0x00000000c07e33c0,0x00000000c4300000)
 Metaspace       used 21017K, committed 21504K, reserved 1073152K
  class space    used 2124K, committed 2368K, reserved 1048576K
}
Event: 8.459 GC heap before
{Heap before GC invocations=6 (full 1):
 PSYoungGen      total 29696K, used 25600K [0x00000000eab00000, 0x00000000ecc00000, 0x0000000100000000)
  eden space 25600K, 100% used [0x00000000eab00000,0x00000000ec400000,0x00000000ec400000)
  from space 4096K, 0% used [0x00000000ec800000,0x00000000ec800000,0x00000000ecc00000)
  to   space 4096K, 0% used [0x00000000ec400000,0x00000000ec400000,0x00000000ec800000)
 ParOldGen       total 68608K, used 8076K [0x00000000c0000000, 0x00000000c4300000, 0x00000000eab00000)
  object space 68608K, 11% used [0x00000000c0000000,0x00000000c07e33c0,0x00000000c4300000)
 Metaspace       used 24215K, committed 24832K, reserved 1073152K
  class space    used 2539K, committed 2816K, reserved 1048576K
}
Event: 8.462 GC heap after
{Heap after GC invocations=6 (full 1):
 PSYoungGen      total 27136K, used 2041K [0x00000000eab00000, 0x00000000ec980000, 0x0000000100000000)
  eden space 25088K, 0% used [0x00000000eab00000,0x00000000eab00000,0x00000000ec380000)
  from space 2048K, 99% used [0x00000000ec400000,0x00000000ec5fe460,0x00000000ec600000)
  to   space 3072K, 0% used [0x00000000ec680000,0x00000000ec680000,0x00000000ec980000)
 ParOldGen       total 68608K, used 8084K [0x00000000c0000000, 0x00000000c4300000, 0x00000000eab00000)
  object space 68608K, 11% used [0x00000000c0000000,0x00000000c07e53c0,0x00000000c4300000)
 Metaspace       used 24215K, committed 24832K, reserved 1073152K
  class space    used 2539K, committed 2816K, reserved 1048576K
}
Event: 9.218 GC heap before
{Heap before GC invocations=7 (full 1):
 PSYoungGen      total 27136K, used 27129K [0x00000000eab00000, 0x00000000ec980000, 0x0000000100000000)
  eden space 25088K, 100% used [0x00000000eab00000,0x00000000ec380000,0x00000000ec380000)
  from space 2048K, 99% used [0x00000000ec400000,0x00000000ec5fe460,0x00000000ec600000)
  to   space 3072K, 0% used [0x00000000ec680000,0x00000000ec680000,0x00000000ec980000)
 ParOldGen       total 68608K, used 8084K [0x00000000c0000000, 0x00000000c4300000, 0x00000000eab00000)
  object space 68608K, 11% used [0x00000000c0000000,0x00000000c07e53c0,0x00000000c4300000)
 Metaspace       used 27649K, committed 28352K, reserved 1081344K
  class space    used 2772K, committed 3136K, reserved 1048576K
}
Event: 9.221 GC heap after
{Heap after GC invocations=7 (full 1):
 PSYoungGen      total 27648K, used 2729K [0x00000000eab00000, 0x00000000ec980000, 0x0000000100000000)
  eden space 24576K, 0% used [0x00000000eab00000,0x00000000eab00000,0x00000000ec300000)
  from space 3072K, 88% used [0x00000000ec680000,0x00000000ec92a6e0,0x00000000ec980000)
  to   space 3072K, 0% used [0x00000000ec380000,0x00000000ec380000,0x00000000ec680000)
 ParOldGen       total 68608K, used 8092K [0x00000000c0000000, 0x00000000c4300000, 0x00000000eab00000)
  object space 68608K, 11% used [0x00000000c0000000,0x00000000c07e73c0,0x00000000c4300000)
 Metaspace       used 27649K, committed 28352K, reserved 1081344K
  class space    used 2772K, committed 3136K, reserved 1048576K
}
Event: 9.644 GC heap before
{Heap before GC invocations=8 (full 1):
 PSYoungGen      total 27648K, used 27305K [0x00000000eab00000, 0x00000000ec980000, 0x0000000100000000)
  eden space 24576K, 100% used [0x00000000eab00000,0x00000000ec300000,0x00000000ec300000)
  from space 3072K, 88% used [0x00000000ec680000,0x00000000ec92a6e0,0x00000000ec980000)
  to   space 3072K, 0% used [0x00000000ec380000,0x00000000ec380000,0x00000000ec680000)
 ParOldGen       total 68608K, used 8092K [0x00000000c0000000, 0x00000000c4300000, 0x00000000eab00000)
  object space 68608K, 11% used [0x00000000c0000000,0x00000000c07e73c0,0x00000000c4300000)
 Metaspace       used 30272K, committed 30912K, reserved 1081344K
  class space    used 3003K, committed 3328K, reserved 1048576K
}
Event: 9.647 GC heap after
{Heap after GC invocations=8 (full 1):
 PSYoungGen      total 27136K, used 3062K [0x00000000eab00000, 0x00000000ec980000, 0x0000000100000000)
  eden space 24064K, 0% used [0x00000000eab00000,0x00000000eab00000,0x00000000ec280000)
  from space 3072K, 99% used [0x00000000ec380000,0x00000000ec67d818,0x00000000ec680000)
  to   space 3072K, 0% used [0x00000000ec680000,0x00000000ec680000,0x00000000ec980000)
 ParOldGen       total 68608K, used 8100K [0x00000000c0000000, 0x00000000c4300000, 0x00000000eab00000)
  object space 68608K, 11% used [0x00000000c0000000,0x00000000c07e93c0,0x00000000c4300000)
 Metaspace       used 30272K, committed 30912K, reserved 1081344K
  class space    used 3003K, committed 3328K, reserved 1048576K
}
Event: 10.309 GC heap before
{Heap before GC invocations=9 (full 1):
 PSYoungGen      total 27136K, used 27126K [0x00000000eab00000, 0x00000000ec980000, 0x0000000100000000)
  eden space 24064K, 100% used [0x00000000eab00000,0x00000000ec280000,0x00000000ec280000)
  from space 3072K, 99% used [0x00000000ec380000,0x00000000ec67d818,0x00000000ec680000)
  to   space 3072K, 0% used [0x00000000ec680000,0x00000000ec680000,0x00000000ec980000)
 ParOldGen       total 68608K, used 8100K [0x00000000c0000000, 0x00000000c4300000, 0x00000000eab00000)
  object space 68608K, 11% used [0x00000000c0000000,0x00000000c07e93c0,0x00000000c4300000)
 Metaspace       used 33471K, committed 34176K, reserved 1081344K
  class space    used 3407K, committed 3712K, reserved 1048576K
}
Event: 10.314 GC heap after
{Heap after GC invocations=9 (full 1):
 PSYoungGen      total 26624K, used 3048K [0x00000000eab00000, 0x00000000ecb00000, 0x0000000100000000)
  eden space 23552K, 0% used [0x00000000eab00000,0x00000000eab00000,0x00000000ec200000)
  from space 3072K, 99% used [0x00000000ec680000,0x00000000ec97a1b0,0x00000000ec980000)
  to   space 4608K, 0% used [0x00000000ec200000,0x00000000ec200000,0x00000000ec680000)
 ParOldGen       total 68608K, used 9152K [0x00000000c0000000, 0x00000000c4300000, 0x00000000eab00000)
  object space 68608K, 13% used [0x00000000c0000000,0x00000000c08f0288,0x00000000c4300000)
 Metaspace       used 33471K, committed 34176K, reserved 1081344K
  class space    used 3407K, committed 3712K, reserved 1048576K
}
Event: 10.876 GC heap before
{Heap before GC invocations=10 (full 1):
 PSYoungGen      total 26624K, used 18235K [0x00000000eab00000, 0x00000000ecb00000, 0x0000000100000000)
  eden space 23552K, 64% used [0x00000000eab00000,0x00000000eb9d4af0,0x00000000ec200000)
  from space 3072K, 99% used [0x00000000ec680000,0x00000000ec97a1b0,0x00000000ec980000)
  to   space 4608K, 0% used [0x00000000ec200000,0x00000000ec200000,0x00000000ec680000)
 ParOldGen       total 68608K, used 9152K [0x00000000c0000000, 0x00000000c4300000, 0x00000000eab00000)
  object space 68608K, 13% used [0x00000000c0000000,0x00000000c08f0288,0x00000000c4300000)
 Metaspace       used 35138K, committed 35840K, reserved 1089536K
  class space    used 3611K, committed 3968K, reserved 1048576K
}
Event: 10.880 GC heap after
{Heap after GC invocations=10 (full 1):
 PSYoungGen      total 25600K, used 1577K [0x00000000eab00000, 0x00000000ec700000, 0x0000000100000000)
  eden space 23552K, 0% used [0x00000000eab00000,0x00000000eab00000,0x00000000ec200000)
  from space 2048K, 77% used [0x00000000ec200000,0x00000000ec38a4f0,0x00000000ec400000)
  to   space 2560K, 0% used [0x00000000ec480000,0x00000000ec480000,0x00000000ec700000)
 ParOldGen       total 68608K, used 11187K [0x00000000c0000000, 0x00000000c4300000, 0x00000000eab00000)
  object space 68608K, 16% used [0x00000000c0000000,0x00000000c0aecf10,0x00000000c4300000)
 Metaspace       used 35138K, committed 35840K, reserved 1089536K
  class space    used 3611K, committed 3968K, reserved 1048576K
}
Event: 10.880 GC heap before
{Heap before GC invocations=11 (full 2):
 PSYoungGen      total 25600K, used 1577K [0x00000000eab00000, 0x00000000ec700000, 0x0000000100000000)
  eden space 23552K, 0% used [0x00000000eab00000,0x00000000eab00000,0x00000000ec200000)
  from space 2048K, 77% used [0x00000000ec200000,0x00000000ec38a4f0,0x00000000ec400000)
  to   space 2560K, 0% used [0x00000000ec480000,0x00000000ec480000,0x00000000ec700000)
 ParOldGen       total 68608K, used 11187K [0x00000000c0000000, 0x00000000c4300000, 0x00000000eab00000)
  object space 68608K, 16% used [0x00000000c0000000,0x00000000c0aecf10,0x00000000c4300000)
 Metaspace       used 35138K, committed 35840K, reserved 1089536K
  class space    used 3611K, committed 3968K, reserved 1048576K
}
Event: 10.926 GC heap after
{Heap after GC invocations=11 (full 2):
 PSYoungGen      total 25600K, used 0K [0x00000000eab00000, 0x00000000ec700000, 0x0000000100000000)
  eden space 23552K, 0% used [0x00000000eab00000,0x00000000eab00000,0x00000000ec200000)
  from space 2048K, 0% used [0x00000000ec200000,0x00000000ec200000,0x00000000ec400000)
  to   space 2560K, 0% used [0x00000000ec480000,0x00000000ec480000,0x00000000ec700000)
 ParOldGen       total 68608K, used 12397K [0x00000000c0000000, 0x00000000c4300000, 0x00000000eab00000)
  object space 68608K, 18% used [0x00000000c0000000,0x00000000c0c1b458,0x00000000c4300000)
 Metaspace       used 35138K, committed 35840K, reserved 1089536K
  class space    used 3611K, committed 3968K, reserved 1048576K
}

Dll operation events (10 events):
Event: 0.100 Loaded shared library c:\Users\Administrator.DESKTOP-JG1NPFA\.vscode\extensions\redhat.java-1.16.0-win32-x64\jre\17.0.6-win32-x86_64\bin\java.dll
Event: 0.903 Loaded shared library c:\Users\Administrator.DESKTOP-JG1NPFA\.vscode\extensions\redhat.java-1.16.0-win32-x64\jre\17.0.6-win32-x86_64\bin\zip.dll
Event: 0.931 Loaded shared library C:\Users\Administrator.DESKTOP-JG1NPFA\.vscode\extensions\redhat.java-1.16.0-win32-x64\jre\17.0.6-win32-x86_64\bin\instrument.dll
Event: 0.967 Loaded shared library C:\Users\Administrator.DESKTOP-JG1NPFA\.vscode\extensions\redhat.java-1.16.0-win32-x64\jre\17.0.6-win32-x86_64\bin\net.dll
Event: 0.973 Loaded shared library C:\Users\Administrator.DESKTOP-JG1NPFA\.vscode\extensions\redhat.java-1.16.0-win32-x64\jre\17.0.6-win32-x86_64\bin\nio.dll
Event: 0.993 Loaded shared library C:\Users\Administrator.DESKTOP-JG1NPFA\.vscode\extensions\redhat.java-1.16.0-win32-x64\jre\17.0.6-win32-x86_64\bin\zip.dll
Event: 1.026 Loaded shared library C:\Users\Administrator.DESKTOP-JG1NPFA\.vscode\extensions\redhat.java-1.16.0-win32-x64\jre\17.0.6-win32-x86_64\bin\jimage.dll
Event: 1.200 Loaded shared library c:\Users\Administrator.DESKTOP-JG1NPFA\.vscode\extensions\redhat.java-1.16.0-win32-x64\jre\17.0.6-win32-x86_64\bin\verify.dll
Event: 4.811 Loaded shared library C:\Users\Administrator.DESKTOP-JG1NPFA\AppData\Roaming\Code\User\globalStorage\redhat.java\1.16.0\config_win\org.eclipse.equinox.launcher\org.eclipse.equinox.launcher.win32.win32.x86_64_1.2.700.v20221108-1024\eclipse_11801.dll
Event: 12.047 Loaded shared library C:\Users\Administrator.DESKTOP-JG1NPFA\AppData\Local\Temp\jna-146731693\jna6920804607490232980.dll

Deoptimization events (20 events):
Event: 10.512 Thread 0x000001ce3c1b1a90 DEOPT PACKING pc=0x000001ce2fe6dd18 sp=0x0000005f419fe1c0
Event: 10.512 Thread 0x000001ce3c1b1a90 DEOPT UNPACKING pc=0x000001ce2f8066a3 sp=0x0000005f419fe0e0 mode 2
Event: 10.512 Thread 0x000001ce3c1b1a90 Uncommon trap: trap_request=0xffffff66 fr.pc=0x000001ce2fe6dd18 relative=0x00000000000000f8
Event: 10.512 Thread 0x000001ce3c1b1a90 Uncommon trap: reason=speculate_class_check action=maybe_recompile pc=0x000001ce2fe6dd18 method=java.util.regex.Pattern$CharPredicate.lambda$negate$3(I)Z @ 2 c2
Event: 10.512 Thread 0x000001ce3c1b1a90 DEOPT PACKING pc=0x000001ce2fe6dd18 sp=0x0000005f419fe1c0
Event: 10.512 Thread 0x000001ce3c1b1a90 DEOPT UNPACKING pc=0x000001ce2f8066a3 sp=0x0000005f419fe0e0 mode 2
Event: 10.512 Thread 0x000001ce3c1b1a90 Uncommon trap: trap_request=0xffffff66 fr.pc=0x000001ce2fe6dd18 relative=0x00000000000000f8
Event: 10.512 Thread 0x000001ce3c1b1a90 Uncommon trap: reason=speculate_class_check action=maybe_recompile pc=0x000001ce2fe6dd18 method=java.util.regex.Pattern$CharPredicate.lambda$negate$3(I)Z @ 2 c2
Event: 10.512 Thread 0x000001ce3c1b1a90 DEOPT PACKING pc=0x000001ce2fe6dd18 sp=0x0000005f419fe1c0
Event: 10.512 Thread 0x000001ce3c1b1a90 DEOPT UNPACKING pc=0x000001ce2f8066a3 sp=0x0000005f419fe0e0 mode 2
Event: 10.512 Thread 0x000001ce3c1b1a90 Uncommon trap: trap_request=0xffffff66 fr.pc=0x000001ce2fe6dd18 relative=0x00000000000000f8
Event: 10.512 Thread 0x000001ce3c1b1a90 Uncommon trap: reason=speculate_class_check action=maybe_recompile pc=0x000001ce2fe6dd18 method=java.util.regex.Pattern$CharPredicate.lambda$negate$3(I)Z @ 2 c2
Event: 10.512 Thread 0x000001ce3c1b1a90 DEOPT PACKING pc=0x000001ce2fe6dd18 sp=0x0000005f419fe1c0
Event: 10.512 Thread 0x000001ce3c1b1a90 DEOPT UNPACKING pc=0x000001ce2f8066a3 sp=0x0000005f419fe0e0 mode 2
Event: 10.660 Thread 0x000001ce3c1b1a90 DEOPT PACKING pc=0x000001ce288ff959 sp=0x0000005f419fe150
Event: 10.660 Thread 0x000001ce3c1b1a90 DEOPT UNPACKING pc=0x000001ce2f806e43 sp=0x0000005f419fd5a8 mode 0
Event: 11.539 Thread 0x000001ce3c5a9030 Uncommon trap: trap_request=0xffffff45 fr.pc=0x000001ce2fd97d58 relative=0x00000000000006d8
Event: 11.539 Thread 0x000001ce3c5a9030 Uncommon trap: reason=unstable_if action=reinterpret pc=0x000001ce2fd97d58 method=java.lang.String.replace(Ljava/lang/CharSequence;Ljava/lang/CharSequence;)Ljava/lang/String; @ 42 c2
Event: 11.539 Thread 0x000001ce3c5a9030 DEOPT PACKING pc=0x000001ce2fd97d58 sp=0x0000005f414fb610
Event: 11.539 Thread 0x000001ce3c5a9030 DEOPT UNPACKING pc=0x000001ce2f8066a3 sp=0x0000005f414fb590 mode 2

Classes unloaded (7 events):
Event: 7.138 Thread 0x000001ce3af01c30 Unloading class 0x000000010021a400 'java/lang/invoke/LambdaForm$MH+0x000000010021a400'
Event: 7.138 Thread 0x000001ce3af01c30 Unloading class 0x000000010021a000 'java/lang/invoke/LambdaForm$MH+0x000000010021a000'
Event: 7.138 Thread 0x000001ce3af01c30 Unloading class 0x0000000100219c00 'java/lang/invoke/LambdaForm$MH+0x0000000100219c00'
Event: 7.138 Thread 0x000001ce3af01c30 Unloading class 0x0000000100219800 'java/lang/invoke/LambdaForm$MH+0x0000000100219800'
Event: 7.138 Thread 0x000001ce3af01c30 Unloading class 0x0000000100219000 'java/lang/invoke/LambdaForm$BMH+0x0000000100219000'
Event: 7.138 Thread 0x000001ce3af01c30 Unloading class 0x0000000100218c00 'java/lang/invoke/LambdaForm$DMH+0x0000000100218c00'
Event: 7.138 Thread 0x000001ce3af01c30 Unloading class 0x0000000100212000 'java/lang/invoke/LambdaForm$DMH+0x0000000100212000'

Classes redefined (0 events):
No events

Internal exceptions (20 events):
Event: 8.260 Thread 0x000001ce3c5a9030 Exception <a 'java/lang/NoSuchMethodError'{0x00000000ebfd2b20}: 'java.lang.Object java.lang.invoke.Invokers$Holder.invoke_MT(java.lang.Object, java.lang.Object, java.lang.Object, java.lang.Object, java.lang.Object, java.lang.Object, java.lang.Object, java.lang.Object, java.lang.Object, java.lang.Object, java.lang.Object)'> (0x00000000ebfd2b20) 
thrown [s\src\hotspot\share\interpreter\linkResolver.cpp, line 759]
Event: 8.287 Thread 0x000001ce3c5a9030 Exception <a 'java/lang/NoSuchMethodError'{0x00000000ec05a2b8}: 'java.lang.Object java.lang.invoke.DirectMethodHandle$Holder.invokeSpecial(java.lang.Object, java.lang.Object, java.lang.Object, java.lang.Object, java.lang.Object, java.lang.Object, java.lang.Object, java.lang.Object, java.lang.Object, java.lang.Object)'> (0x00000000ec05a2b8) 
thrown [s\src\hotspot\share\interpreter\linkResolver.cpp, line 759]
Event: 8.288 Thread 0x000001ce3c5a9030 Exception <a 'java/lang/NoSuchMethodError'{0x00000000ec05f508}: 'java.lang.Object java.lang.invoke.Invokers$Holder.invoke_MT(java.lang.Object, java.lang.Object, java.lang.Object, java.lang.Object, java.lang.Object, java.lang.Object, java.lang.Object, java.lang.Object, java.lang.Object, java.lang.Object)'> (0x00000000ec05f508) 
thrown [s\src\hotspot\share\interpreter\linkResolver.cpp, line 759]
Event: 8.316 Thread 0x000001ce3c5a9030 Exception <a 'java/lang/NoSuchMethodError'{0x00000000ec0fe888}: 'java.lang.Object java.lang.invoke.DirectMethodHandle$Holder.newInvokeSpecial(java.lang.Object, java.lang.Object, java.lang.Object, java.lang.Object, java.lang.Object, java.lang.Object, java.lang.Object)'> (0x00000000ec0fe888) 
thrown [s\src\hotspot\share\interpreter\linkResolver.cpp, line 759]
Event: 8.332 Thread 0x000001ce3c5a9030 Exception <a 'java/lang/NoSuchMethodError'{0x00000000ec16f2a8}: 'java.lang.Object java.lang.invoke.DirectMethodHandle$Holder.invokeSpecial(java.lang.Object, java.lang.Object, java.lang.Object, java.lang.Object, java.lang.Object, java.lang.Object, java.lang.Object, java.lang.Object, java.lang.Object, java.lang.Object, java.lang.Object, java.lang.Object, java.lang.Object)'> (0x00000000ec16f2a8) 
thrown [s\src\hotspot\share\interpreter\linkResolver.cpp, line 759]
Event: 8.335 Thread 0x000001ce3c5a9030 Exception <a 'java/lang/NoSuchMethodError'{0x00000000ec174dd8}: 'java.lang.Object java.lang.invoke.Invokers$Holder.invoker(java.lang.Object, java.lang.Object, java.lang.Object, java.lang.Object, java.lang.Object, java.lang.Object, java.lang.Object, java.lang.Object, java.lang.Object, java.lang.Object, java.lang.Object, java.lang.Object, java.lang.Object)'> (0x00000000ec174dd8) 
thrown [s\src\hotspot\share\interpreter\linkResolver.cpp, line 759]
Event: 8.337 Thread 0x000001ce3c5a9030 Exception <a 'java/lang/NoSuchMethodError'{0x00000000ec17bad8}: 'java.lang.Object java.lang.invoke.DirectMethodHandle$Holder.invokeSpecial(java.lang.Object, java.lang.Object, java.lang.Object, java.lang.Object, java.lang.Object, java.lang.Object, java.lang.Object, java.lang.Object, java.lang.Object, java.lang.Object, java.lang.Object, java.lang.Object, java.lang.Object, java.lang.Object)'> (0x00000000ec17bad8) 
thrown [s\src\hotspot\share\interpreter\linkResolver.cpp, line 759]
Event: 8.349 Thread 0x000001ce3c5a9030 Exception <a 'java/lang/NoSuchMethodError'{0x00000000ec1da4b8}: static Lorg/eclipse/m2e/core/internal/lifecyclemapping/model/PluginExecutionMetadata;.<clinit>()V> (0x00000000ec1da4b8) 
thrown [s\src\hotspot\share\prims\jni.cpp, line 1107]
Event: 8.364 Thread 0x000001ce3c5a9030 Exception <a 'java/lang/NoSuchMethodError'{0x00000000ec231a58}: static Lorg/eclipse/m2e/core/internal/lifecyclemapping/model/PluginExecutionFilter;.<clinit>()V> (0x00000000ec231a58) 
thrown [s\src\hotspot\share\prims\jni.cpp, line 1107]
Event: 8.380 Thread 0x000001ce3c5a9030 Exception <a 'java/lang/NoSuchMethodError'{0x00000000ec26ace0}: static Lorg/eclipse/m2e/core/internal/project/registry/MavenProjectFacade$MavenProjectConfiguration;.<clinit>()V> (0x00000000ec26ace0) 
thrown [s\src\hotspot\share\prims\jni.cpp, line 1107]
Event: 8.470 Thread 0x000001ce3c1b1a90 Exception <a 'java/io/FileNotFoundException'{0x00000000eab7aec8}> (0x00000000eab7aec8) 
thrown [s\src\hotspot\share\prims\jni.cpp, line 516]
Event: 9.880 Thread 0x000001ce3c5a9030 Exception <a 'java/lang/ClassNotFoundException'{0x00000000eb329948}: com/sun/org/apache/xerces/internal/impl/msg/spi/DOMMessagesProvider> (0x00000000eb329948) 
thrown [s\src\hotspot\share\classfile\systemDictionary.cpp, line 256]
Event: 9.887 Thread 0x000001ce3c5a9030 Exception <a 'java/lang/ClassNotFoundException'{0x00000000eb356908}: com/sun/org/apache/xerces/internal/impl/msg/spi/XMLSerializerMessagesProvider> (0x00000000eb356908) 
thrown [s\src\hotspot\share\classfile\systemDictionary.cpp, line 256]
Event: 9.895 Thread 0x000001ce3c5a9030 Exception <a 'java/lang/ClassNotFoundException'{0x00000000eb3d6248}: com/sun/org/apache/xerces/internal/impl/msg/spi/XMLMessagesProvider> (0x00000000eb3d6248) 
thrown [s\src\hotspot\share\classfile\systemDictionary.cpp, line 256]
Event: 10.063 Thread 0x000001ce3c5a9030 Exception <a 'java/lang/NoSuchMethodError'{0x00000000eb9bec20}: 'void java.lang.invoke.DirectMethodHandle$Holder.invokeVirtual(java.lang.Object, java.lang.Object)'> (0x00000000eb9bec20) 
thrown [s\src\hotspot\share\interpreter\linkResolver.cpp, line 759]
Event: 10.078 Thread 0x000001ce3c1b1a90 Exception <a 'java/lang/NoClassDefFoundError'{0x00000000ebad5f58}: javax/enterprise/inject/Typed> (0x00000000ebad5f58) 
thrown [s\src\hotspot\share\classfile\systemDictionary.cpp, line 245]
Event: 10.132 Thread 0x000001ce3c5a9030 Exception <a 'java/lang/NoSuchMethodError'{0x00000000ebc5b9c8}: 'java.lang.Object java.lang.invoke.DirectMethodHandle$Holder.invokeStaticInit(java.lang.Object, int, int, int, int)'> (0x00000000ebc5b9c8) 
thrown [s\src\hotspot\share\interpreter\linkResolver.cpp, line 759]
Event: 10.641 Thread 0x000001ce3c5a9030 Exception <a 'java/lang/NoSuchMethodError'{0x00000000eb2299b0}: 'java.lang.Object java.lang.invoke.DirectMethodHandle$Holder.invokeStaticInit(java.lang.Object, java.lang.Object, int, int, int, int)'> (0x00000000eb2299b0) 
thrown [s\src\hotspot\share\interpreter\linkResolver.cpp, line 759]
Event: 10.932 Thread 0x000001ce3c5a9030 Exception <a 'java/lang/ClassNotFoundException'{0x00000000eab44e00}: com/sun/org/apache/xml/internal/serializer/spi/XMLEntitiesProvider> (0x00000000eab44e00) 
thrown [s\src\hotspot\share\classfile\systemDictionary.cpp, line 256]
Event: 11.476 Thread 0x000001ce3c5a9030 Exception <a 'java/io/FileNotFoundException'{0x00000000eb817d18}> (0x00000000eb817d18) 
thrown [s\src\hotspot\share\prims\jni.cpp, line 516]

VM Operations (20 events):
Event: 10.046 Executing VM operation: HandshakeAllThreads
Event: 10.047 Executing VM operation: HandshakeAllThreads done
Event: 10.100 Executing VM operation: HandshakeAllThreads
Event: 10.105 Executing VM operation: HandshakeAllThreads done
Event: 10.309 Executing VM operation: ParallelGCFailedAllocation
Event: 10.314 Executing VM operation: ParallelGCFailedAllocation done
Event: 10.576 Executing VM operation: HandshakeAllThreads
Event: 10.582 Executing VM operation: HandshakeAllThreads done
Event: 10.875 Executing VM operation: CollectForMetadataAllocation
Event: 10.926 Executing VM operation: CollectForMetadataAllocation done
Event: 10.963 Executing VM operation: HandshakeAllThreads
Event: 10.970 Executing VM operation: HandshakeAllThreads done
Event: 11.054 Executing VM operation: HandshakeAllThreads
Event: 11.054 Executing VM operation: HandshakeAllThreads done
Event: 11.066 Executing VM operation: HandshakeAllThreads
Event: 11.066 Executing VM operation: HandshakeAllThreads done
Event: 11.969 Executing VM operation: HandshakeAllThreads
Event: 11.969 Executing VM operation: HandshakeAllThreads done
Event: 11.969 Executing VM operation: Cleanup
Event: 11.969 Executing VM operation: Cleanup done

Events (20 events):
Event: 11.993 loading class java/nio/channels/NetworkChannel done
Event: 11.993 loading class java/nio/channels/spi/AbstractSelectableChannel
Event: 11.993 loading class java/nio/channels/SelectableChannel
Event: 11.993 loading class java/nio/channels/SelectableChannel done
Event: 11.993 loading class java/nio/channels/spi/AbstractSelectableChannel done
Event: 11.993 loading class java/nio/channels/SocketChannel done
Event: 11.994 loading class java/nio/channels/ServerSocketChannel
Event: 11.995 loading class java/nio/channels/ServerSocketChannel done
Event: 11.997 loading class javax/net/ssl/SSLSocketFactory
Event: 11.997 loading class javax/net/SocketFactory
Event: 11.998 loading class javax/net/SocketFactory done
Event: 11.998 loading class javax/net/ssl/SSLSocketFactory done
Event: 12.050 loading class java/nio/ShortBuffer
Event: 12.050 loading class java/nio/ShortBuffer done
Event: 12.051 loading class java/nio/FloatBuffer
Event: 12.051 loading class java/nio/FloatBuffer done
Event: 12.051 loading class java/nio/DoubleBuffer
Event: 12.052 loading class java/nio/DoubleBuffer done
Event: 12.053 loading class jdk/internal/loader/NativeLibraries$Unloader
Event: 12.053 loading class jdk/internal/loader/NativeLibraries$Unloader done


Dynamic libraries:
0x00007ff6df150000 - 0x00007ff6df15e000 	c:\Users\Administrator.DESKTOP-JG1NPFA\.vscode\extensions\redhat.java-1.16.0-win32-x64\jre\17.0.6-win32-x86_64\bin\java.exe
0x00007ffcc1750000 - 0x00007ffcc1966000 	C:\WINDOWS\SYSTEM32\ntdll.dll
0x00007ffcc0040000 - 0x00007ffcc0104000 	C:\WINDOWS\System32\KERNEL32.DLL
0x00007ffcbf030000 - 0x00007ffcbf3d6000 	C:\WINDOWS\System32\KERNELBASE.dll
0x00007ffcbee00000 - 0x00007ffcbef11000 	C:\WINDOWS\System32\ucrtbase.dll
0x00007ffcb2950000 - 0x00007ffcb2967000 	c:\Users\Administrator.DESKTOP-JG1NPFA\.vscode\extensions\redhat.java-1.16.0-win32-x64\jre\17.0.6-win32-x86_64\bin\jli.dll
0x00007ffcc0610000 - 0x00007ffcc07bd000 	C:\WINDOWS\System32\USER32.dll
0x00007ffcbedd0000 - 0x00007ffcbedf6000 	C:\WINDOWS\System32\win32u.dll
0x00007ffcbf750000 - 0x00007ffcbf779000 	C:\WINDOWS\System32\GDI32.dll
0x00007ffcbeac0000 - 0x00007ffcbebd8000 	C:\WINDOWS\System32\gdi32full.dll
0x00007ffcbef20000 - 0x00007ffcbefba000 	C:\WINDOWS\System32\msvcp_win.dll
0x00007ffca43c0000 - 0x00007ffca43d9000 	c:\Users\Administrator.DESKTOP-JG1NPFA\.vscode\extensions\redhat.java-1.16.0-win32-x64\jre\17.0.6-win32-x86_64\bin\VCRUNTIME140.dll
0x00007ffca0f20000 - 0x00007ffca11b3000 	C:\WINDOWS\WinSxS\amd64_microsoft.windows.common-controls_6595b64144ccf1df_6.0.22621.3235_none_270f74e173860f98\COMCTL32.dll
0x00007ffcc01a0000 - 0x00007ffcc0247000 	C:\WINDOWS\System32\msvcrt.dll
0x00007ffcc1580000 - 0x00007ffcc15b1000 	C:\WINDOWS\System32\IMM32.DLL
0x00007ffcb5e70000 - 0x00007ffcb5e7c000 	c:\Users\Administrator.DESKTOP-JG1NPFA\.vscode\extensions\redhat.java-1.16.0-win32-x64\jre\17.0.6-win32-x86_64\bin\vcruntime140_1.dll
0x00007ffc700a0000 - 0x00007ffc70131000 	c:\Users\Administrator.DESKTOP-JG1NPFA\.vscode\extensions\redhat.java-1.16.0-win32-x64\jre\17.0.6-win32-x86_64\bin\msvcp140.dll
0x00007ffc2d370000 - 0x00007ffc2dfb7000 	c:\Users\Administrator.DESKTOP-JG1NPFA\.vscode\extensions\redhat.java-1.16.0-win32-x64\jre\17.0.6-win32-x86_64\bin\server\jvm.dll
0x00007ffcc02d0000 - 0x00007ffcc0382000 	C:\WINDOWS\System32\ADVAPI32.dll
0x00007ffcc0ff0000 - 0x00007ffcc1098000 	C:\WINDOWS\System32\sechost.dll
0x00007ffcbea90000 - 0x00007ffcbeab8000 	C:\WINDOWS\System32\bcrypt.dll
0x00007ffcc10a0000 - 0x00007ffcc11b5000 	C:\WINDOWS\System32\RPCRT4.dll
0x00007ffca0be0000 - 0x00007ffca0be9000 	C:\WINDOWS\SYSTEM32\WSOCK32.dll
0x00007ffcc0120000 - 0x00007ffcc0191000 	C:\WINDOWS\System32\WS2_32.dll
0x00007ffcb4100000 - 0x00007ffcb4134000 	C:\WINDOWS\SYSTEM32\WINMM.dll
0x00007ffcbd6e0000 - 0x00007ffcbd6ea000 	C:\WINDOWS\SYSTEM32\VERSION.dll
0x00007ffcbda90000 - 0x00007ffcbdaa8000 	C:\WINDOWS\SYSTEM32\kernel.appcore.dll
0x00007ffcb29b0000 - 0x00007ffcb29ba000 	c:\Users\Administrator.DESKTOP-JG1NPFA\.vscode\extensions\redhat.java-1.16.0-win32-x64\jre\17.0.6-win32-x86_64\bin\jimage.dll
0x00007ffcbc070000 - 0x00007ffcbc2a3000 	C:\WINDOWS\SYSTEM32\DBGHELP.DLL
0x00007ffcc11c0000 - 0x00007ffcc1548000 	C:\WINDOWS\System32\combase.dll
0x00007ffcc0a30000 - 0x00007ffcc0b07000 	C:\WINDOWS\System32\OLEAUT32.dll
0x00007ffcb2fd0000 - 0x00007ffcb3002000 	C:\WINDOWS\SYSTEM32\dbgcore.DLL
0x00007ffcbed50000 - 0x00007ffcbedca000 	C:\WINDOWS\System32\bcryptPrimitives.dll
0x00007ffcb2920000 - 0x00007ffcb292e000 	c:\Users\Administrator.DESKTOP-JG1NPFA\.vscode\extensions\redhat.java-1.16.0-win32-x64\jre\17.0.6-win32-x86_64\bin\instrument.dll
0x00007ffca2150000 - 0x00007ffca2175000 	c:\Users\Administrator.DESKTOP-JG1NPFA\.vscode\extensions\redhat.java-1.16.0-win32-x64\jre\17.0.6-win32-x86_64\bin\java.dll
0x00007ffca20a0000 - 0x00007ffca20b8000 	c:\Users\Administrator.DESKTOP-JG1NPFA\.vscode\extensions\redhat.java-1.16.0-win32-x64\jre\17.0.6-win32-x86_64\bin\zip.dll
0x00007ffcbf7e0000 - 0x00007ffcc003d000 	C:\WINDOWS\System32\SHELL32.dll
0x00007ffcbcd40000 - 0x00007ffcbd638000 	C:\WINDOWS\SYSTEM32\windows.storage.dll
0x00007ffcbcc00000 - 0x00007ffcbcd3e000 	C:\WINDOWS\SYSTEM32\wintypes.dll
0x00007ffcc15c0000 - 0x00007ffcc16b3000 	C:\WINDOWS\System32\SHCORE.dll
0x00007ffcc0270000 - 0x00007ffcc02ce000 	C:\WINDOWS\System32\shlwapi.dll
0x00007ffcbe9c0000 - 0x00007ffcbe9e6000 	C:\WINDOWS\SYSTEM32\profapi.dll
0x00007ffca2080000 - 0x00007ffca2099000 	C:\Users\Administrator.DESKTOP-JG1NPFA\.vscode\extensions\redhat.java-1.16.0-win32-x64\jre\17.0.6-win32-x86_64\bin\net.dll
0x00007ffcb36a0000 - 0x00007ffcb37d7000 	C:\WINDOWS\SYSTEM32\WINHTTP.dll
0x00007ffcbdf10000 - 0x00007ffcbdf79000 	C:\WINDOWS\system32\mswsock.dll
0x00007ffca2060000 - 0x00007ffca2075000 	C:\Users\Administrator.DESKTOP-JG1NPFA\.vscode\extensions\redhat.java-1.16.0-win32-x64\jre\17.0.6-win32-x86_64\bin\nio.dll
0x00007ffcb28c0000 - 0x00007ffcb28d0000 	c:\Users\Administrator.DESKTOP-JG1NPFA\.vscode\extensions\redhat.java-1.16.0-win32-x64\jre\17.0.6-win32-x86_64\bin\verify.dll
0x00007ffc95420000 - 0x00007ffc9545e000 	C:\Users\Administrator.DESKTOP-JG1NPFA\AppData\Roaming\Code\User\globalStorage\redhat.java\1.16.0\config_win\org.eclipse.equinox.launcher\org.eclipse.equinox.launcher.win32.win32.x86_64_1.2.700.v20221108-1024\eclipse_11801.dll
0x00007ffcbf4a0000 - 0x00007ffcbf63f000 	C:\WINDOWS\System32\ole32.dll
0x00007ffcbe180000 - 0x00007ffcbe19b000 	C:\WINDOWS\SYSTEM32\CRYPTSP.dll
0x00007ffcbd9f0000 - 0x00007ffcbda25000 	C:\WINDOWS\system32\rsaenh.dll
0x00007ffcbdff0000 - 0x00007ffcbe01c000 	C:\WINDOWS\SYSTEM32\USERENV.dll
0x00007ffcbe1a0000 - 0x00007ffcbe1ac000 	C:\WINDOWS\SYSTEM32\CRYPTBASE.dll
0x00007ffcbc8d0000 - 0x00007ffcbc8fd000 	C:\WINDOWS\SYSTEM32\IPHLPAPI.DLL
0x00007ffcc0600000 - 0x00007ffcc0609000 	C:\WINDOWS\System32\NSI.dll
0x00007ffcb34e0000 - 0x00007ffcb34f9000 	C:\WINDOWS\SYSTEM32\dhcpcsvc6.DLL
0x00007ffcb34c0000 - 0x00007ffcb34df000 	C:\WINDOWS\SYSTEM32\dhcpcsvc.DLL
0x00007ffcbc940000 - 0x00007ffcbca39000 	C:\WINDOWS\SYSTEM32\DNSAPI.dll
0x00007ffc77880000 - 0x00007ffc778c5000 	C:\Users\Administrator.DESKTOP-JG1NPFA\AppData\Local\Temp\jna-146731693\jna6920804607490232980.dll
0x00007ffcc0110000 - 0x00007ffcc0118000 	C:\WINDOWS\System32\PSAPI.DLL

dbghelp: loaded successfully - version: 4.0.5 - missing functions: none
symbol engine: initialized successfully - sym options: 0x614 - pdb path: .;c:\Users\Administrator.DESKTOP-JG1NPFA\.vscode\extensions\redhat.java-1.16.0-win32-x64\jre\17.0.6-win32-x86_64\bin;C:\WINDOWS\SYSTEM32;C:\WINDOWS\WinSxS\amd64_microsoft.windows.common-controls_6595b64144ccf1df_6.0.22621.3235_none_270f74e173860f98;c:\Users\Administrator.DESKTOP-JG1NPFA\.vscode\extensions\redhat.java-1.16.0-win32-x64\jre\17.0.6-win32-x86_64\bin\server;C:\Users\Administrator.DESKTOP-JG1NPFA\AppData\Roaming\Code\User\globalStorage\redhat.java\1.16.0\config_win\org.eclipse.equinox.launcher\org.eclipse.equinox.launcher.win32.win32.x86_64_1.2.700.v20221108-1024;C:\Users\Administrator.DESKTOP-JG1NPFA\AppData\Local\Temp\jna-146731693

VM Arguments:
jvm_args: --add-modules=ALL-SYSTEM --add-opens=java.base/java.util=ALL-UNNAMED --add-opens=java.base/java.lang=ALL-UNNAMED --add-opens=java.base/sun.nio.fs=ALL-UNNAMED -Declipse.application=org.eclipse.jdt.ls.core.id1 -Dosgi.bundles.defaultStartLevel=4 -Declipse.product=org.eclipse.jdt.ls.core.product -Djava.import.generatesMetadataFilesAtProjectRoot=false -Dfile.encoding=utf8 -XX:+UseParallelGC -XX:GCTimeRatio=4 -XX:AdaptiveSizePolicyWeight=90 -Dsun.zip.disableMemoryMapping=true -Xmx1G -Xms100m -Xlog:disable -javaagent:c:\Users\Administrator.DESKTOP-JG1NPFA\.vscode\extensions\redhat.java-1.16.0-win32-x64\lombok\lombok-1.18.24.jar -XX:+HeapDumpOnOutOfMemoryError -XX:HeapDumpPath=c:\Users\Administrator.DESKTOP-JG1NPFA\AppData\Roaming\Code\User\workspaceStorage\14fff51d3ab8ca4b4f4ef1ca982025e9\redhat.java 
java_command: c:\Users\Administrator.DESKTOP-JG1NPFA\.vscode\extensions\redhat.java-1.16.0-win32-x64\server\plugins\org.eclipse.equinox.launcher_1.6.400.v20210924-0641.jar -configuration c:\Users\Administrator.DESKTOP-JG1NPFA\AppData\Roaming\Code\User\globalStorage\redhat.java\1.16.0\config_win -data c:\Users\Administrator.DESKTOP-JG1NPFA\AppData\Roaming\Code\User\workspaceStorage\14fff51d3ab8ca4b4f4ef1ca982025e9\redhat.java\jdt_ws
java_class_path (initial): c:\Users\Administrator.DESKTOP-JG1NPFA\.vscode\extensions\redhat.java-1.16.0-win32-x64\server\plugins\org.eclipse.equinox.launcher_1.6.400.v20210924-0641.jar
Launcher Type: SUN_STANDARD

[Global flags]
    uintx AdaptiveSizePolicyWeight                 = 90                                        {product} {command line}
     intx CICompilerCount                          = 4                                         {product} {ergonomic}
    uintx GCTimeRatio                              = 4                                         {product} {command line}
     bool HeapDumpOnOutOfMemoryError               = true                                   {manageable} {command line}
    ccstr HeapDumpPath                             = c:\Users\Administrator.DESKTOP-JG1NPFA\AppData\Roaming\Code\User\workspaceStorage\14fff51d3ab8ca4b4f4ef1ca982025e9\redhat.java         {manageable} {command line}
   size_t InitialHeapSize                          = 104857600                                 {product} {command line}
   size_t MaxHeapSize                              = 1073741824                                {product} {command line}
   size_t MaxNewSize                               = 357564416                                 {product} {ergonomic}
   size_t MinHeapDeltaBytes                        = 524288                                    {product} {ergonomic}
   size_t MinHeapSize                              = 104857600                                 {product} {command line}
   size_t NewSize                                  = 34603008                                  {product} {ergonomic}
    uintx NonNMethodCodeHeapSize                   = 5839372                                {pd product} {ergonomic}
    uintx NonProfiledCodeHeapSize                  = 122909434                              {pd product} {ergonomic}
   size_t OldSize                                  = 70254592                                  {product} {ergonomic}
    uintx ProfiledCodeHeapSize                     = 122909434                              {pd product} {ergonomic}
    uintx ReservedCodeCacheSize                    = 251658240                              {pd product} {ergonomic}
     bool SegmentedCodeCache                       = true                                      {product} {ergonomic}
   size_t SoftMaxHeapSize                          = 1073741824                             {manageable} {ergonomic}
     bool UseCompressedClassPointers               = true                           {product lp64_product} {ergonomic}
     bool UseCompressedOops                        = true                           {product lp64_product} {ergonomic}
     bool UseLargePagesIndividualAllocation        = false                                  {pd product} {ergonomic}
     bool UseParallelGC                            = true                                      {product} {command line}

Logging:
Log output configuration:
 #0: stdout all=off uptime,level,tags
 #1: stderr all=off uptime,level,tags

Environment Variables:
PATH=C:\Program Files\Common Files\Oracle\Java\javapath;C:\Program Files (x86)\Common Files\Oracle\Java\javapath;C:\WINDOWS\system32;C:\WINDOWS;C:\WINDOWS\System32\Wbem;C:\WINDOWS\System32\WindowsPowerShell\v1.0\;C:\WINDOWS\System32\OpenSSH\;C:\Users\Administrator.DESKTOP-JG1NPFA\AppData\Local\Programs\Python\Python36-32\;C:\Program Files\SASHome\SASFoundation\9.4\core\sasexe;C:\Program Files\SASHome\SASFoundation\9.4\ets\sasexe;C:\Program Files\SASHome\Secure\ccme4;C:\Program Files\nodejs\;C:\Program Files\Git\cmd;C:\Program Files (x86)\Microsoft SQL Server\160\Tools\Binn\;C:\Program Files\Microsoft SQL Server\160\Tools\Binn\;C:\Program Files\Microsoft SQL Server\Client SDK\ODBC\170\Tools\Binn\;C:\Program Files\Microsoft SQL Server\160\DTS\Binn\;C:\Users\Administrator.DESKTOP-JG1NPFA\AppData\Local\Microsoft\WindowsApps;C:\Users\Administrator.DESKTOP-JG1NPFA\AppData\Local\Programs\Python\Python36-32\;C:\Users\Administrator.DESKTOP-JG1NPFA\AppData\Roaming\npm;C:\Users\Administrator.DESKTOP-JG1NPFA\AppData\Local\Programs\Microsoft VS Code\bin;C:\MinGW\bin\;
USERNAME=Administrator
OS=Windows_NT
PROCESSOR_IDENTIFIER=Intel64 Family 6 Model 142 Stepping 11, GenuineIntel
TMP=C:\Users\ADMINI~1.DES\AppData\Local\Temp
TEMP=C:\Users\ADMINI~1.DES\AppData\Local\Temp



---------------  S Y S T E M  ---------------

OS:
 Windows 11 , 64 bit Build 22621 (10.0.22621.3235)
OS uptime: 5 days 9:41 hours
Hyper-V role detected

CPU: total 8 (initial active 8) (4 cores per cpu, 2 threads per core) family 6 model 142 stepping 11 microcode 0xde, cx8, cmov, fxsr, ht, mmx, 3dnowpref, sse, sse2, sse3, ssse3, sse4.1, sse4.2, popcnt, lzcnt, tsc, tscinvbit, avx, avx2, aes, erms, clmul, bmi1, bmi2, adx, fma, vzeroupper, clflush, clflushopt, hv

Memory: 4k page, system-wide physical 8048M (302M free)
TotalPageFile size 32624M (AvailPageFile size 25M)
current process WorkingSet (physical memory assigned to process): 156M, peak: 161M
current process commit charge ("private bytes"): 259M, peak: 265M

vm_info: OpenJDK 64-Bit Server VM (17.0.6+10) for windows-amd64 JRE (17.0.6+10), built on Jan 18 2023 10:08:59 by "temurin" with MS VC++ 16.7 (VS2019)

END.
